2024-03-28 21:17:47,834 - root - INFO - Start fetching problems by tags
2024-03-28 21:17:47,841 - root - INFO - Load "implementation" locally: total 2595 problems
2024-03-28 21:17:49,866 - root - INFO - Load "data structures" locally: total 1631 problems
2024-03-28 21:17:51,904 - root - INFO - Load "dfs and similar" locally: total 882 problems
2024-03-28 21:17:53,946 - root - INFO - Load "constructive algorithms" locally: total 1642 problems
2024-03-28 21:17:55,991 - root - INFO - Load "schedules" locally: total 8 problems
2024-03-28 21:17:58,034 - root - INFO - Load "trees" locally: total 772 problems
2024-03-28 21:18:00,079 - root - INFO - Load "geometry" locally: total 380 problems
2024-03-28 21:18:02,132 - root - INFO - Load "brute force" locally: total 1561 problems
2024-03-28 21:18:04,179 - root - INFO - Load "combinatorics" locally: total 631 problems
2024-03-28 21:18:06,231 - root - INFO - Load "dsu" locally: total 337 problems
2024-03-28 21:18:08,287 - root - INFO - Load "games" locally: total 203 problems
2024-03-28 21:18:10,341 - root - INFO - Load "chinese remainder theorem" locally: total 16 problems
2024-03-28 21:18:12,390 - root - INFO - Load "hashing" locally: total 193 problems
2024-03-28 21:18:14,442 - root - INFO - Load "math" locally: total 2702 problems
2024-03-28 21:18:16,502 - root - INFO - Load "*special" locally: total 416 problems
2024-03-28 21:18:18,557 - root - INFO - Load "2-sat" locally: total 30 problems
2024-03-28 21:18:20,615 - root - INFO - Load "string suffix structures" locally: total 87 problems
2024-03-28 21:18:22,668 - root - INFO - Load "flows" locally: total 139 problems
2024-03-28 21:18:24,722 - root - INFO - Load "ternary search" locally: total 52 problems
2024-03-28 21:18:26,778 - root - INFO - Load "expression parsing" locally: total 35 problems
2024-03-28 21:18:28,839 - root - INFO - Load "number theory" locally: total 693 problems
2024-03-28 21:18:30,897 - root - INFO - Load "sortings" locally: total 1009 problems
2024-03-28 21:18:32,958 - root - INFO - Load "two pointers" locally: total 507 problems
2024-03-28 21:18:35,017 - root - INFO - Load "strings" locally: total 689 problems
2024-03-28 21:18:37,078 - root - INFO - Load "matrices" locally: total 115 problems
2024-03-28 21:18:39,136 - root - INFO - Load "binary search" locally: total 992 problems
2024-03-28 21:18:41,193 - root - INFO - Load "interactive" locally: total 212 problems
2024-03-28 21:18:43,251 - root - INFO - Load "bitmasks" locally: total 529 problems
2024-03-28 21:18:45,309 - root - INFO - Load "fft" locally: total 89 problems
2024-03-28 21:18:47,369 - root - INFO - Load "greedy" locally: total 2665 problems
2024-03-28 21:18:49,431 - root - INFO - Load "graph matchings" locally: total 88 problems
2024-03-28 21:18:51,488 - root - INFO - Load "meet-in-the-middle" locally: total 47 problems
2024-03-28 21:18:53,548 - root - INFO - Load "dp" locally: total 1998 problems
2024-03-28 21:18:55,611 - root - INFO - Load "shortest paths" locally: total 258 problems
2024-03-28 21:18:57,672 - root - INFO - Load "divide and conquer" locally: total 269 problems
2024-03-28 21:18:59,732 - root - INFO - Load "probabilities" locally: total 226 problems
2024-03-28 21:19:01,797 - root - INFO - Load "graphs" locally: total 1020 problems
2024-03-28 21:20:24,565 - root - INFO - Start fetching problems by tags
2024-03-28 21:20:24,572 - root - INFO - Load "implementation" locally: total 2595 problems
2024-03-28 21:20:26,600 - root - INFO - Load "probabilities" locally: total 226 problems
2024-03-28 21:20:28,626 - root - INFO - Load "number theory" locally: total 693 problems
2024-03-28 21:20:30,655 - root - INFO - Load "2-sat" locally: total 30 problems
2024-03-28 21:20:32,684 - root - INFO - Load "*special" locally: total 416 problems
2024-03-28 21:20:34,719 - root - INFO - Load "greedy" locally: total 2665 problems
2024-03-28 21:20:36,765 - root - INFO - Load "fft" locally: total 89 problems
2024-03-28 21:20:38,808 - root - INFO - Load "combinatorics" locally: total 631 problems
2024-03-28 21:20:40,853 - root - INFO - Load "shortest paths" locally: total 258 problems
2024-03-28 21:20:42,897 - root - INFO - Load "two pointers" locally: total 507 problems
2024-03-28 21:20:44,941 - root - INFO - Load "games" locally: total 203 problems
2024-03-28 21:20:46,986 - root - INFO - Load "dsu" locally: total 337 problems
2024-03-28 21:20:49,032 - root - INFO - Load "divide and conquer" locally: total 269 problems
2024-03-28 21:20:51,083 - root - INFO - Load "constructive algorithms" locally: total 1642 problems
2024-03-28 21:20:53,143 - root - INFO - Load "interactive" locally: total 212 problems
2024-03-28 21:20:55,198 - root - INFO - Load "string suffix structures" locally: total 87 problems
2024-03-28 21:20:57,251 - root - INFO - Load "graphs" locally: total 1020 problems
2024-03-28 21:20:59,304 - root - INFO - Load "schedules" locally: total 8 problems
2024-03-28 21:21:01,360 - root - INFO - Load "flows" locally: total 139 problems
2024-03-28 21:21:03,417 - root - INFO - Load "sortings" locally: total 1009 problems
2024-03-28 21:21:05,471 - root - INFO - Load "ternary search" locally: total 52 problems
2024-03-28 21:21:07,526 - root - INFO - Load "graph matchings" locally: total 88 problems
2024-03-28 21:21:09,583 - root - INFO - Load "math" locally: total 2702 problems
2024-03-28 21:21:11,644 - root - INFO - Load "binary search" locally: total 992 problems
2024-03-28 21:21:13,714 - root - INFO - Load "strings" locally: total 689 problems
2024-03-28 21:21:15,776 - root - INFO - Load "geometry" locally: total 380 problems
2024-03-28 21:21:17,839 - root - INFO - Load "expression parsing" locally: total 35 problems
2024-03-28 21:21:19,918 - root - INFO - Load "bitmasks" locally: total 529 problems
2024-03-28 21:21:21,984 - root - INFO - Load "dp" locally: total 1998 problems
2024-03-28 21:21:24,051 - root - INFO - Load "dfs and similar" locally: total 882 problems
2024-03-28 21:21:26,113 - root - INFO - Load "chinese remainder theorem" locally: total 16 problems
2024-03-28 21:21:28,177 - root - INFO - Load "matrices" locally: total 115 problems
2024-03-28 21:21:30,238 - root - INFO - Load "meet-in-the-middle" locally: total 47 problems
2024-03-28 21:21:32,308 - root - INFO - Load "hashing" locally: total 193 problems
2024-03-28 21:21:34,369 - root - INFO - Load "brute force" locally: total 1561 problems
2024-03-28 21:21:36,433 - root - INFO - Load "trees" locally: total 772 problems
2024-03-28 21:21:38,499 - root - INFO - Load "data structures" locally: total 1631 problems
