2024-03-28 21:34:59,064 - root - INFO - Start fetching tags from page 1 to 5
2024-03-28 21:35:00,791 - root - INFO - Fetched 29 tags from page 1
2024-03-28 21:35:07,384 - root - INFO - Fetched 29 tags from page 2
2024-03-28 21:35:14,455 - root - INFO - Fetched 29 tags from page 3
2024-03-28 21:35:21,331 - root - INFO - Fetched 29 tags from page 4
2024-03-28 21:35:36,180 - root - INFO - Fetched 29 tags from page 5
2024-03-28 21:38:08,064 - root - INFO - Start fetching tags from page 1 to 94
2024-03-28 21:38:08,925 - root - INFO - Fetched 29 tags from page 1
2024-03-28 21:38:20,368 - root - INFO - Fetched 29 tags from page 2
2024-03-28 21:38:31,240 - root - INFO - Fetched 29 tags from page 3
2024-03-28 21:38:42,435 - root - INFO - Fetched 29 tags from page 4
2024-03-28 21:39:16,670 - root - INFO - Start fetching tags from page 1 to 94
2024-03-28 21:39:18,078 - root - INFO - Fetched 29 tags from page 1
2024-03-28 21:39:22,040 - root - INFO - Start fetching tags from page 1 to 94
2024-03-28 21:39:23,539 - root - INFO - Fetched 29 tags from page 1
2024-03-28 21:39:34,633 - root - INFO - Fetched 29 tags from page 2
2024-03-28 21:39:48,776 - root - INFO - Start fetching tags from page 1 to 94
2024-03-28 21:39:50,546 - root - INFO - Fetched 29 tags from page 1
2024-03-28 21:40:01,745 - root - INFO - Fetched 29 tags from page 2
2024-03-28 21:40:20,453 - root - INFO - Start fetching tags from page 1 to 94
2024-03-28 21:40:33,155 - root - INFO - Start fetching tags from page 1 to 94
2024-03-28 21:40:43,781 - root - INFO - Start fetching tags from page 1 to 94
2024-03-28 21:41:56,332 - root - INFO - Start fetching tags from page 1 to 94
2024-03-28 21:44:16,346 - root - INFO - Start fetching tags from page 1 to 94
2024-03-28 21:44:16,622 - root - WARNING - Failed to fetch https://codeforces.com/problemset/page/1 for 1 times
2024-03-28 21:44:27,754 - root - INFO - Fetched 29 tags from page 1, 29 tags in total
2024-03-28 21:44:39,814 - root - INFO - Fetched 30 tags from page 2, 32 tags in total
2024-03-28 21:44:50,655 - root - INFO - Fetched 31 tags from page 3, 32 tags in total
2024-03-28 21:45:04,617 - root - INFO - Start fetching tags from page 1 to 94
2024-03-28 21:45:07,647 - root - INFO - Fetched 29 tags from page 1, 29 tags in total
2024-03-28 21:45:07,647 - root - INFO - tags: {'ternary search', 'dsu', 'fft', 'combinatorics', 'two pointers', 'greedy', 'bitmasks', 'divide and conquer', 'graph matchings', 'dfs and similar', 'hashing', 'sortings', 'constructive algorithms', 'shortest paths', 'implementation', 'data structures', 'math', 'games', 'probabilities', 'number theory', 'dp', 'geometry', 'graphs', 'interactive', '*special problem', 'trees', 'binary search', 'strings', 'brute force'}
2024-03-28 21:45:18,758 - root - INFO - Fetched 30 tags from page 2, 32 tags in total
2024-03-28 21:45:18,758 - root - INFO - tags: {'fft', 'combinatorics', 'two pointers', 'greedy', 'matrices', 'graph matchings', 'data structures', 'math', 'probabilities', 'graphs', 'binary search', 'strings', 'brute force', 'ternary search', 'dsu', 'bitmasks', 'divide and conquer', 'string suffix structures', 'dfs and similar', 'hashing', 'constructive algorithms', 'shortest paths', 'implementation', 'games', 'number theory', 'dp', 'flows', 'geometry', 'interactive', '*special problem', 'trees', 'sortings'}
2024-03-28 21:45:30,496 - root - INFO - Fetched 31 tags from page 3, 32 tags in total
2024-03-28 21:45:30,496 - root - INFO - tags: {'fft', 'combinatorics', 'two pointers', 'greedy', 'matrices', 'graph matchings', 'data structures', 'math', 'probabilities', 'graphs', 'binary search', 'strings', 'brute force', 'ternary search', 'dsu', 'bitmasks', 'divide and conquer', 'string suffix structures', 'dfs and similar', 'hashing', 'constructive algorithms', 'shortest paths', 'implementation', 'games', 'number theory', 'dp', 'flows', 'geometry', 'interactive', '*special problem', 'trees', 'sortings'}
2024-03-28 21:45:42,630 - root - INFO - Fetched 30 tags from page 4, 33 tags in total
2024-03-28 21:45:42,631 - root - INFO - tags: {'fft', 'combinatorics', 'two pointers', 'greedy', 'matrices', 'graph matchings', 'data structures', 'math', 'probabilities', 'graphs', 'binary search', 'strings', 'brute force', 'ternary search', 'dsu', '2-sat', 'bitmasks', 'divide and conquer', 'string suffix structures', 'dfs and similar', 'hashing', 'constructive algorithms', 'shortest paths', 'implementation', 'games', 'number theory', 'dp', 'flows', 'geometry', 'interactive', '*special problem', 'trees', 'sortings'}
2024-03-28 21:45:53,936 - root - INFO - Fetched 27 tags from page 5, 33 tags in total
2024-03-28 21:45:53,937 - root - INFO - tags: {'fft', 'combinatorics', 'two pointers', 'greedy', 'matrices', 'graph matchings', 'data structures', 'math', 'probabilities', 'graphs', 'binary search', 'strings', 'brute force', 'ternary search', 'dsu', '2-sat', 'bitmasks', 'divide and conquer', 'string suffix structures', 'dfs and similar', 'hashing', 'constructive algorithms', 'shortest paths', 'implementation', 'games', 'number theory', 'dp', 'flows', 'geometry', 'interactive', '*special problem', 'trees', 'sortings'}
2024-03-28 21:46:05,234 - root - INFO - Fetched 27 tags from page 6, 33 tags in total
2024-03-28 21:46:05,235 - root - INFO - tags: {'fft', 'combinatorics', 'two pointers', 'greedy', 'matrices', 'graph matchings', 'data structures', 'math', 'probabilities', 'graphs', 'binary search', 'strings', 'brute force', 'ternary search', 'dsu', '2-sat', 'bitmasks', 'divide and conquer', 'string suffix structures', 'dfs and similar', 'hashing', 'constructive algorithms', 'shortest paths', 'implementation', 'games', 'number theory', 'dp', 'flows', 'geometry', 'interactive', '*special problem', 'trees', 'sortings'}
2024-03-28 21:46:16,206 - root - INFO - Fetched 31 tags from page 7, 34 tags in total
2024-03-28 21:46:16,207 - root - INFO - tags: {'fft', 'combinatorics', 'two pointers', 'greedy', 'matrices', 'graph matchings', 'data structures', 'math', 'probabilities', 'graphs', 'binary search', 'strings', 'brute force', 'ternary search', 'dsu', '2-sat', 'bitmasks', 'divide and conquer', 'string suffix structures', 'dfs and similar', 'hashing', 'constructive algorithms', 'shortest paths', 'implementation', 'games', 'number theory', 'meet-in-the-middle', 'dp', 'flows', 'geometry', 'interactive', '*special problem', 'trees', 'sortings'}
2024-03-28 21:46:27,021 - root - INFO - Fetched 29 tags from page 8, 34 tags in total
2024-03-28 21:46:27,022 - root - INFO - tags: {'fft', 'combinatorics', 'two pointers', 'greedy', 'matrices', 'graph matchings', 'data structures', 'math', 'probabilities', 'graphs', 'binary search', 'strings', 'brute force', 'ternary search', 'dsu', '2-sat', 'bitmasks', 'divide and conquer', 'string suffix structures', 'dfs and similar', 'hashing', 'constructive algorithms', 'shortest paths', 'implementation', 'games', 'number theory', 'meet-in-the-middle', 'dp', 'flows', 'geometry', 'interactive', '*special problem', 'trees', 'sortings'}
2024-03-28 21:46:38,756 - root - INFO - Fetched 28 tags from page 9, 35 tags in total
2024-03-28 21:46:38,757 - root - INFO - tags: {'fft', 'combinatorics', 'two pointers', 'greedy', 'matrices', 'graph matchings', 'data structures', 'math', 'probabilities', 'graphs', 'binary search', 'strings', 'brute force', 'ternary search', 'dsu', '2-sat', 'bitmasks', 'divide and conquer', 'string suffix structures', 'dfs and similar', 'hashing', 'constructive algorithms', 'shortest paths', 'implementation', 'games', 'number theory', 'meet-in-the-middle', 'dp', 'expression parsing', 'flows', 'geometry', 'interactive', '*special problem', 'trees', 'sortings'}
2024-03-28 21:46:50,078 - root - INFO - Fetched 29 tags from page 10, 35 tags in total
2024-03-28 21:46:50,078 - root - INFO - tags: {'fft', 'combinatorics', 'two pointers', 'greedy', 'matrices', 'graph matchings', 'data structures', 'math', 'probabilities', 'graphs', 'binary search', 'strings', 'brute force', 'ternary search', 'dsu', '2-sat', 'bitmasks', 'divide and conquer', 'string suffix structures', 'dfs and similar', 'hashing', 'constructive algorithms', 'shortest paths', 'implementation', 'games', 'number theory', 'meet-in-the-middle', 'dp', 'expression parsing', 'flows', 'geometry', 'interactive', '*special problem', 'trees', 'sortings'}
2024-03-28 21:47:01,646 - root - INFO - Fetched 31 tags from page 11, 36 tags in total
2024-03-28 21:47:01,646 - root - INFO - tags: {'chinese remainder theorem', 'fft', 'combinatorics', 'two pointers', 'greedy', 'matrices', 'graph matchings', 'data structures', 'math', 'probabilities', 'graphs', 'binary search', 'strings', 'brute force', 'ternary search', 'dsu', '2-sat', 'bitmasks', 'divide and conquer', 'string suffix structures', 'dfs and similar', 'hashing', 'constructive algorithms', 'shortest paths', 'implementation', 'games', 'number theory', 'meet-in-the-middle', 'dp', 'expression parsing', 'flows', 'geometry', 'interactive', '*special problem', 'trees', 'sortings'}
2024-03-28 21:47:13,254 - root - INFO - Fetched 28 tags from page 12, 36 tags in total
2024-03-28 21:47:13,254 - root - INFO - tags: {'chinese remainder theorem', 'fft', 'combinatorics', 'two pointers', 'greedy', 'matrices', 'graph matchings', 'data structures', 'math', 'probabilities', 'graphs', 'binary search', 'strings', 'brute force', 'ternary search', 'dsu', '2-sat', 'bitmasks', 'divide and conquer', 'string suffix structures', 'dfs and similar', 'hashing', 'constructive algorithms', 'shortest paths', 'implementation', 'games', 'number theory', 'meet-in-the-middle', 'dp', 'expression parsing', 'flows', 'geometry', 'interactive', '*special problem', 'trees', 'sortings'}
2024-03-28 21:47:26,442 - root - INFO - Fetched 32 tags from page 13, 37 tags in total
2024-03-28 21:47:26,443 - root - INFO - tags: {'chinese remainder theorem', 'fft', 'combinatorics', 'two pointers', 'greedy', 'matrices', 'graph matchings', 'data structures', 'math', 'probabilities', 'graphs', 'binary search', 'strings', 'brute force', 'ternary search', 'dsu', 'schedules', '2-sat', 'bitmasks', 'divide and conquer', 'string suffix structures', 'dfs and similar', 'hashing', 'constructive algorithms', 'shortest paths', 'implementation', 'games', 'number theory', 'meet-in-the-middle', 'dp', 'expression parsing', 'flows', 'geometry', 'interactive', '*special problem', 'trees', 'sortings'}
2024-03-28 21:47:37,533 - root - INFO - Fetched 32 tags from page 14, 37 tags in total
2024-03-28 21:47:37,534 - root - INFO - tags: {'chinese remainder theorem', 'fft', 'combinatorics', 'two pointers', 'greedy', 'matrices', 'graph matchings', 'data structures', 'math', 'probabilities', 'graphs', 'binary search', 'strings', 'brute force', 'ternary search', 'dsu', 'schedules', '2-sat', 'bitmasks', 'divide and conquer', 'string suffix structures', 'dfs and similar', 'hashing', 'constructive algorithms', 'shortest paths', 'implementation', 'games', 'number theory', 'meet-in-the-middle', 'dp', 'expression parsing', 'flows', 'geometry', 'interactive', '*special problem', 'trees', 'sortings'}
2024-03-28 21:47:59,732 - root - INFO - Fetched 32 tags from page 15, 37 tags in total
2024-03-28 21:47:59,732 - root - INFO - tags: {'chinese remainder theorem', 'fft', 'combinatorics', 'two pointers', 'greedy', 'matrices', 'graph matchings', 'data structures', 'math', 'probabilities', 'graphs', 'binary search', 'strings', 'brute force', 'ternary search', 'dsu', 'schedules', '2-sat', 'bitmasks', 'divide and conquer', 'string suffix structures', 'dfs and similar', 'hashing', 'constructive algorithms', 'shortest paths', 'implementation', 'games', 'number theory', 'meet-in-the-middle', 'dp', 'expression parsing', 'flows', 'geometry', 'interactive', '*special problem', 'trees', 'sortings'}
2024-03-28 21:48:11,131 - root - INFO - Fetched 29 tags from page 16, 37 tags in total
2024-03-28 21:48:11,132 - root - INFO - tags: {'chinese remainder theorem', 'fft', 'combinatorics', 'two pointers', 'greedy', 'matrices', 'graph matchings', 'data structures', 'math', 'probabilities', 'graphs', 'binary search', 'strings', 'brute force', 'ternary search', 'dsu', 'schedules', '2-sat', 'bitmasks', 'divide and conquer', 'string suffix structures', 'dfs and similar', 'hashing', 'constructive algorithms', 'shortest paths', 'implementation', 'games', 'number theory', 'meet-in-the-middle', 'dp', 'expression parsing', 'flows', 'geometry', 'interactive', '*special problem', 'trees', 'sortings'}
2024-03-28 21:48:23,961 - root - INFO - Fetched 28 tags from page 17, 37 tags in total
2024-03-28 21:48:23,961 - root - INFO - tags: {'chinese remainder theorem', 'fft', 'combinatorics', 'two pointers', 'greedy', 'matrices', 'graph matchings', 'data structures', 'math', 'probabilities', 'graphs', 'binary search', 'strings', 'brute force', 'ternary search', 'dsu', 'schedules', '2-sat', 'bitmasks', 'divide and conquer', 'string suffix structures', 'dfs and similar', 'hashing', 'constructive algorithms', 'shortest paths', 'implementation', 'games', 'number theory', 'meet-in-the-middle', 'dp', 'expression parsing', 'flows', 'geometry', 'interactive', '*special problem', 'trees', 'sortings'}
2024-03-28 21:48:35,373 - root - INFO - Fetched 31 tags from page 18, 37 tags in total
2024-03-28 21:48:35,373 - root - INFO - tags: {'chinese remainder theorem', 'fft', 'combinatorics', 'two pointers', 'greedy', 'matrices', 'graph matchings', 'data structures', 'math', 'probabilities', 'graphs', 'binary search', 'strings', 'brute force', 'ternary search', 'dsu', 'schedules', '2-sat', 'bitmasks', 'divide and conquer', 'string suffix structures', 'dfs and similar', 'hashing', 'constructive algorithms', 'shortest paths', 'implementation', 'games', 'number theory', 'meet-in-the-middle', 'dp', 'expression parsing', 'flows', 'geometry', 'interactive', '*special problem', 'trees', 'sortings'}
2024-03-28 21:48:47,073 - root - INFO - Fetched 30 tags from page 19, 37 tags in total
2024-03-28 21:48:47,074 - root - INFO - tags: {'chinese remainder theorem', 'fft', 'combinatorics', 'two pointers', 'greedy', 'matrices', 'graph matchings', 'data structures', 'math', 'probabilities', 'graphs', 'binary search', 'strings', 'brute force', 'ternary search', 'dsu', 'schedules', '2-sat', 'bitmasks', 'divide and conquer', 'string suffix structures', 'dfs and similar', 'hashing', 'constructive algorithms', 'shortest paths', 'implementation', 'games', 'number theory', 'meet-in-the-middle', 'dp', 'expression parsing', 'flows', 'geometry', 'interactive', '*special problem', 'trees', 'sortings'}
2024-03-28 21:48:58,630 - root - INFO - Fetched 30 tags from page 20, 37 tags in total
2024-03-28 21:48:58,631 - root - INFO - tags: {'chinese remainder theorem', 'fft', 'combinatorics', 'two pointers', 'greedy', 'matrices', 'graph matchings', 'data structures', 'math', 'probabilities', 'graphs', 'binary search', 'strings', 'brute force', 'ternary search', 'dsu', 'schedules', '2-sat', 'bitmasks', 'divide and conquer', 'string suffix structures', 'dfs and similar', 'hashing', 'constructive algorithms', 'shortest paths', 'implementation', 'games', 'number theory', 'meet-in-the-middle', 'dp', 'expression parsing', 'flows', 'geometry', 'interactive', '*special problem', 'trees', 'sortings'}
2024-03-28 21:49:09,968 - root - INFO - Fetched 33 tags from page 21, 37 tags in total
2024-03-28 21:49:09,969 - root - INFO - tags: {'chinese remainder theorem', 'fft', 'combinatorics', 'two pointers', 'greedy', 'matrices', 'graph matchings', 'data structures', 'math', 'probabilities', 'graphs', 'binary search', 'strings', 'brute force', 'ternary search', 'dsu', 'schedules', '2-sat', 'bitmasks', 'divide and conquer', 'string suffix structures', 'dfs and similar', 'hashing', 'constructive algorithms', 'shortest paths', 'implementation', 'games', 'number theory', 'meet-in-the-middle', 'dp', 'expression parsing', 'flows', 'geometry', 'interactive', '*special problem', 'trees', 'sortings'}
2024-03-28 21:49:22,182 - root - INFO - Fetched 30 tags from page 22, 37 tags in total
2024-03-28 21:49:22,183 - root - INFO - tags: {'chinese remainder theorem', 'fft', 'combinatorics', 'two pointers', 'greedy', 'matrices', 'graph matchings', 'data structures', 'math', 'probabilities', 'graphs', 'binary search', 'strings', 'brute force', 'ternary search', 'dsu', 'schedules', '2-sat', 'bitmasks', 'divide and conquer', 'string suffix structures', 'dfs and similar', 'hashing', 'constructive algorithms', 'shortest paths', 'implementation', 'games', 'number theory', 'meet-in-the-middle', 'dp', 'expression parsing', 'flows', 'geometry', 'interactive', '*special problem', 'trees', 'sortings'}
2024-03-28 21:49:33,124 - root - INFO - Fetched 30 tags from page 23, 37 tags in total
2024-03-28 21:49:33,125 - root - INFO - tags: {'chinese remainder theorem', 'fft', 'combinatorics', 'two pointers', 'greedy', 'matrices', 'graph matchings', 'data structures', 'math', 'probabilities', 'graphs', 'binary search', 'strings', 'brute force', 'ternary search', 'dsu', 'schedules', '2-sat', 'bitmasks', 'divide and conquer', 'string suffix structures', 'dfs and similar', 'hashing', 'constructive algorithms', 'shortest paths', 'implementation', 'games', 'number theory', 'meet-in-the-middle', 'dp', 'expression parsing', 'flows', 'geometry', 'interactive', '*special problem', 'trees', 'sortings'}
2024-03-28 21:49:43,932 - root - INFO - Fetched 35 tags from page 24, 37 tags in total
2024-03-28 21:49:43,933 - root - INFO - tags: {'chinese remainder theorem', 'fft', 'combinatorics', 'two pointers', 'greedy', 'matrices', 'graph matchings', 'data structures', 'math', 'probabilities', 'graphs', 'binary search', 'strings', 'brute force', 'ternary search', 'dsu', 'schedules', '2-sat', 'bitmasks', 'divide and conquer', 'string suffix structures', 'dfs and similar', 'hashing', 'constructive algorithms', 'shortest paths', 'implementation', 'games', 'number theory', 'meet-in-the-middle', 'dp', 'expression parsing', 'flows', 'geometry', 'interactive', '*special problem', 'trees', 'sortings'}
2024-03-28 21:49:54,769 - root - INFO - Fetched 29 tags from page 25, 37 tags in total
2024-03-28 21:49:54,770 - root - INFO - tags: {'chinese remainder theorem', 'fft', 'combinatorics', 'two pointers', 'greedy', 'matrices', 'graph matchings', 'data structures', 'math', 'probabilities', 'graphs', 'binary search', 'strings', 'brute force', 'ternary search', 'dsu', 'schedules', '2-sat', 'bitmasks', 'divide and conquer', 'string suffix structures', 'dfs and similar', 'hashing', 'constructive algorithms', 'shortest paths', 'implementation', 'games', 'number theory', 'meet-in-the-middle', 'dp', 'expression parsing', 'flows', 'geometry', 'interactive', '*special problem', 'trees', 'sortings'}
2024-03-28 21:50:05,693 - root - INFO - Fetched 32 tags from page 26, 37 tags in total
2024-03-28 21:50:05,693 - root - INFO - tags: {'chinese remainder theorem', 'fft', 'combinatorics', 'two pointers', 'greedy', 'matrices', 'graph matchings', 'data structures', 'math', 'probabilities', 'graphs', 'binary search', 'strings', 'brute force', 'ternary search', 'dsu', 'schedules', '2-sat', 'bitmasks', 'divide and conquer', 'string suffix structures', 'dfs and similar', 'hashing', 'constructive algorithms', 'shortest paths', 'implementation', 'games', 'number theory', 'meet-in-the-middle', 'dp', 'expression parsing', 'flows', 'geometry', 'interactive', '*special problem', 'trees', 'sortings'}
2024-03-28 21:50:16,902 - root - INFO - Fetched 30 tags from page 27, 37 tags in total
2024-03-28 21:50:16,903 - root - INFO - tags: {'chinese remainder theorem', 'fft', 'combinatorics', 'two pointers', 'greedy', 'matrices', 'graph matchings', 'data structures', 'math', 'probabilities', 'graphs', 'binary search', 'strings', 'brute force', 'ternary search', 'dsu', 'schedules', '2-sat', 'bitmasks', 'divide and conquer', 'string suffix structures', 'dfs and similar', 'hashing', 'constructive algorithms', 'shortest paths', 'implementation', 'games', 'number theory', 'meet-in-the-middle', 'dp', 'expression parsing', 'flows', 'geometry', 'interactive', '*special problem', 'trees', 'sortings'}
2024-03-28 21:50:28,690 - root - INFO - Fetched 31 tags from page 28, 37 tags in total
2024-03-28 21:50:28,691 - root - INFO - tags: {'chinese remainder theorem', 'fft', 'combinatorics', 'two pointers', 'greedy', 'matrices', 'graph matchings', 'data structures', 'math', 'probabilities', 'graphs', 'binary search', 'strings', 'brute force', 'ternary search', 'dsu', 'schedules', '2-sat', 'bitmasks', 'divide and conquer', 'string suffix structures', 'dfs and similar', 'hashing', 'constructive algorithms', 'shortest paths', 'implementation', 'games', 'number theory', 'meet-in-the-middle', 'dp', 'expression parsing', 'flows', 'geometry', 'interactive', '*special problem', 'trees', 'sortings'}
2024-03-28 21:50:41,439 - root - INFO - Fetched 33 tags from page 29, 37 tags in total
2024-03-28 21:50:41,440 - root - INFO - tags: {'chinese remainder theorem', 'fft', 'combinatorics', 'two pointers', 'greedy', 'matrices', 'graph matchings', 'data structures', 'math', 'probabilities', 'graphs', 'binary search', 'strings', 'brute force', 'ternary search', 'dsu', 'schedules', '2-sat', 'bitmasks', 'divide and conquer', 'string suffix structures', 'dfs and similar', 'hashing', 'constructive algorithms', 'shortest paths', 'implementation', 'games', 'number theory', 'meet-in-the-middle', 'dp', 'expression parsing', 'flows', 'geometry', 'interactive', '*special problem', 'trees', 'sortings'}
2024-03-28 21:50:52,274 - root - INFO - Fetched 31 tags from page 30, 37 tags in total
2024-03-28 21:50:52,274 - root - INFO - tags: {'chinese remainder theorem', 'fft', 'combinatorics', 'two pointers', 'greedy', 'matrices', 'graph matchings', 'data structures', 'math', 'probabilities', 'graphs', 'binary search', 'strings', 'brute force', 'ternary search', 'dsu', 'schedules', '2-sat', 'bitmasks', 'divide and conquer', 'string suffix structures', 'dfs and similar', 'hashing', 'constructive algorithms', 'shortest paths', 'implementation', 'games', 'number theory', 'meet-in-the-middle', 'dp', 'expression parsing', 'flows', 'geometry', 'interactive', '*special problem', 'trees', 'sortings'}
2024-03-28 21:51:04,805 - root - INFO - Fetched 31 tags from page 31, 37 tags in total
2024-03-28 21:51:04,805 - root - INFO - tags: {'chinese remainder theorem', 'fft', 'combinatorics', 'two pointers', 'greedy', 'matrices', 'graph matchings', 'data structures', 'math', 'probabilities', 'graphs', 'binary search', 'strings', 'brute force', 'ternary search', 'dsu', 'schedules', '2-sat', 'bitmasks', 'divide and conquer', 'string suffix structures', 'dfs and similar', 'hashing', 'constructive algorithms', 'shortest paths', 'implementation', 'games', 'number theory', 'meet-in-the-middle', 'dp', 'expression parsing', 'flows', 'geometry', 'interactive', '*special problem', 'trees', 'sortings'}
2024-03-28 21:51:16,230 - root - INFO - Fetched 33 tags from page 32, 37 tags in total
2024-03-28 21:51:16,230 - root - INFO - tags: {'chinese remainder theorem', 'fft', 'combinatorics', 'two pointers', 'greedy', 'matrices', 'graph matchings', 'data structures', 'math', 'probabilities', 'graphs', 'binary search', 'strings', 'brute force', 'ternary search', 'dsu', 'schedules', '2-sat', 'bitmasks', 'divide and conquer', 'string suffix structures', 'dfs and similar', 'hashing', 'constructive algorithms', 'shortest paths', 'implementation', 'games', 'number theory', 'meet-in-the-middle', 'dp', 'expression parsing', 'flows', 'geometry', 'interactive', '*special problem', 'trees', 'sortings'}
2024-03-28 21:51:27,333 - root - INFO - Fetched 27 tags from page 33, 37 tags in total
2024-03-28 21:51:27,334 - root - INFO - tags: {'chinese remainder theorem', 'fft', 'combinatorics', 'two pointers', 'greedy', 'matrices', 'graph matchings', 'data structures', 'math', 'probabilities', 'graphs', 'binary search', 'strings', 'brute force', 'ternary search', 'dsu', 'schedules', '2-sat', 'bitmasks', 'divide and conquer', 'string suffix structures', 'dfs and similar', 'hashing', 'constructive algorithms', 'shortest paths', 'implementation', 'games', 'number theory', 'meet-in-the-middle', 'dp', 'expression parsing', 'flows', 'geometry', 'interactive', '*special problem', 'trees', 'sortings'}
2024-03-28 21:51:38,651 - root - INFO - Fetched 27 tags from page 34, 37 tags in total
2024-03-28 21:51:38,651 - root - INFO - tags: {'chinese remainder theorem', 'fft', 'combinatorics', 'two pointers', 'greedy', 'matrices', 'graph matchings', 'data structures', 'math', 'probabilities', 'graphs', 'binary search', 'strings', 'brute force', 'ternary search', 'dsu', 'schedules', '2-sat', 'bitmasks', 'divide and conquer', 'string suffix structures', 'dfs and similar', 'hashing', 'constructive algorithms', 'shortest paths', 'implementation', 'games', 'number theory', 'meet-in-the-middle', 'dp', 'expression parsing', 'flows', 'geometry', 'interactive', '*special problem', 'trees', 'sortings'}
2024-03-28 21:51:50,291 - root - INFO - Fetched 30 tags from page 35, 37 tags in total
2024-03-28 21:51:50,292 - root - INFO - tags: {'chinese remainder theorem', 'fft', 'combinatorics', 'two pointers', 'greedy', 'matrices', 'graph matchings', 'data structures', 'math', 'probabilities', 'graphs', 'binary search', 'strings', 'brute force', 'ternary search', 'dsu', 'schedules', '2-sat', 'bitmasks', 'divide and conquer', 'string suffix structures', 'dfs and similar', 'hashing', 'constructive algorithms', 'shortest paths', 'implementation', 'games', 'number theory', 'meet-in-the-middle', 'dp', 'expression parsing', 'flows', 'geometry', 'interactive', '*special problem', 'trees', 'sortings'}
2024-03-28 21:52:03,050 - root - INFO - Fetched 28 tags from page 36, 37 tags in total
2024-03-28 21:52:03,051 - root - INFO - tags: {'chinese remainder theorem', 'fft', 'combinatorics', 'two pointers', 'greedy', 'matrices', 'graph matchings', 'data structures', 'math', 'probabilities', 'graphs', 'binary search', 'strings', 'brute force', 'ternary search', 'dsu', 'schedules', '2-sat', 'bitmasks', 'divide and conquer', 'string suffix structures', 'dfs and similar', 'hashing', 'constructive algorithms', 'shortest paths', 'implementation', 'games', 'number theory', 'meet-in-the-middle', 'dp', 'expression parsing', 'flows', 'geometry', 'interactive', '*special problem', 'trees', 'sortings'}
2024-03-28 21:52:14,113 - root - INFO - Fetched 30 tags from page 37, 37 tags in total
2024-03-28 21:52:14,114 - root - INFO - tags: {'chinese remainder theorem', 'fft', 'combinatorics', 'two pointers', 'greedy', 'matrices', 'graph matchings', 'data structures', 'math', 'probabilities', 'graphs', 'binary search', 'strings', 'brute force', 'ternary search', 'dsu', 'schedules', '2-sat', 'bitmasks', 'divide and conquer', 'string suffix structures', 'dfs and similar', 'hashing', 'constructive algorithms', 'shortest paths', 'implementation', 'games', 'number theory', 'meet-in-the-middle', 'dp', 'expression parsing', 'flows', 'geometry', 'interactive', '*special problem', 'trees', 'sortings'}
2024-03-28 21:52:24,958 - root - INFO - Fetched 33 tags from page 38, 37 tags in total
2024-03-28 21:52:24,959 - root - INFO - tags: {'chinese remainder theorem', 'fft', 'combinatorics', 'two pointers', 'greedy', 'matrices', 'graph matchings', 'data structures', 'math', 'probabilities', 'graphs', 'binary search', 'strings', 'brute force', 'ternary search', 'dsu', 'schedules', '2-sat', 'bitmasks', 'divide and conquer', 'string suffix structures', 'dfs and similar', 'hashing', 'constructive algorithms', 'shortest paths', 'implementation', 'games', 'number theory', 'meet-in-the-middle', 'dp', 'expression parsing', 'flows', 'geometry', 'interactive', '*special problem', 'trees', 'sortings'}
2024-03-28 21:52:36,109 - root - INFO - Fetched 29 tags from page 39, 37 tags in total
2024-03-28 21:52:36,110 - root - INFO - tags: {'chinese remainder theorem', 'fft', 'combinatorics', 'two pointers', 'greedy', 'matrices', 'graph matchings', 'data structures', 'math', 'probabilities', 'graphs', 'binary search', 'strings', 'brute force', 'ternary search', 'dsu', 'schedules', '2-sat', 'bitmasks', 'divide and conquer', 'string suffix structures', 'dfs and similar', 'hashing', 'constructive algorithms', 'shortest paths', 'implementation', 'games', 'number theory', 'meet-in-the-middle', 'dp', 'expression parsing', 'flows', 'geometry', 'interactive', '*special problem', 'trees', 'sortings'}
2024-03-28 21:52:48,123 - root - INFO - Fetched 28 tags from page 40, 37 tags in total
2024-03-28 21:52:48,124 - root - INFO - tags: {'chinese remainder theorem', 'fft', 'combinatorics', 'two pointers', 'greedy', 'matrices', 'graph matchings', 'data structures', 'math', 'probabilities', 'graphs', 'binary search', 'strings', 'brute force', 'ternary search', 'dsu', 'schedules', '2-sat', 'bitmasks', 'divide and conquer', 'string suffix structures', 'dfs and similar', 'hashing', 'constructive algorithms', 'shortest paths', 'implementation', 'games', 'number theory', 'meet-in-the-middle', 'dp', 'expression parsing', 'flows', 'geometry', 'interactive', '*special problem', 'trees', 'sortings'}
2024-03-28 21:53:00,701 - root - INFO - Fetched 29 tags from page 41, 37 tags in total
2024-03-28 21:53:00,702 - root - INFO - tags: {'chinese remainder theorem', 'fft', 'combinatorics', 'two pointers', 'greedy', 'matrices', 'graph matchings', 'data structures', 'math', 'probabilities', 'graphs', 'binary search', 'strings', 'brute force', 'ternary search', 'dsu', 'schedules', '2-sat', 'bitmasks', 'divide and conquer', 'string suffix structures', 'dfs and similar', 'hashing', 'constructive algorithms', 'shortest paths', 'implementation', 'games', 'number theory', 'meet-in-the-middle', 'dp', 'expression parsing', 'flows', 'geometry', 'interactive', '*special problem', 'trees', 'sortings'}
2024-03-28 21:53:11,544 - root - INFO - Fetched 31 tags from page 42, 37 tags in total
2024-03-28 21:53:11,545 - root - INFO - tags: {'chinese remainder theorem', 'fft', 'combinatorics', 'two pointers', 'greedy', 'matrices', 'graph matchings', 'data structures', 'math', 'probabilities', 'graphs', 'binary search', 'strings', 'brute force', 'ternary search', 'dsu', 'schedules', '2-sat', 'bitmasks', 'divide and conquer', 'string suffix structures', 'dfs and similar', 'hashing', 'constructive algorithms', 'shortest paths', 'implementation', 'games', 'number theory', 'meet-in-the-middle', 'dp', 'expression parsing', 'flows', 'geometry', 'interactive', '*special problem', 'trees', 'sortings'}
2024-03-28 21:53:23,108 - root - INFO - Fetched 30 tags from page 43, 37 tags in total
2024-03-28 21:53:23,109 - root - INFO - tags: {'chinese remainder theorem', 'fft', 'combinatorics', 'two pointers', 'greedy', 'matrices', 'graph matchings', 'data structures', 'math', 'probabilities', 'graphs', 'binary search', 'strings', 'brute force', 'ternary search', 'dsu', 'schedules', '2-sat', 'bitmasks', 'divide and conquer', 'string suffix structures', 'dfs and similar', 'hashing', 'constructive algorithms', 'shortest paths', 'implementation', 'games', 'number theory', 'meet-in-the-middle', 'dp', 'expression parsing', 'flows', 'geometry', 'interactive', '*special problem', 'trees', 'sortings'}
2024-03-28 21:53:34,000 - root - INFO - Fetched 29 tags from page 44, 37 tags in total
2024-03-28 21:53:34,001 - root - INFO - tags: {'chinese remainder theorem', 'fft', 'combinatorics', 'two pointers', 'greedy', 'matrices', 'graph matchings', 'data structures', 'math', 'probabilities', 'graphs', 'binary search', 'strings', 'brute force', 'ternary search', 'dsu', 'schedules', '2-sat', 'bitmasks', 'divide and conquer', 'string suffix structures', 'dfs and similar', 'hashing', 'constructive algorithms', 'shortest paths', 'implementation', 'games', 'number theory', 'meet-in-the-middle', 'dp', 'expression parsing', 'flows', 'geometry', 'interactive', '*special problem', 'trees', 'sortings'}
2024-03-28 21:53:45,262 - root - INFO - Fetched 29 tags from page 45, 37 tags in total
2024-03-28 21:53:45,262 - root - INFO - tags: {'chinese remainder theorem', 'fft', 'combinatorics', 'two pointers', 'greedy', 'matrices', 'graph matchings', 'data structures', 'math', 'probabilities', 'graphs', 'binary search', 'strings', 'brute force', 'ternary search', 'dsu', 'schedules', '2-sat', 'bitmasks', 'divide and conquer', 'string suffix structures', 'dfs and similar', 'hashing', 'constructive algorithms', 'shortest paths', 'implementation', 'games', 'number theory', 'meet-in-the-middle', 'dp', 'expression parsing', 'flows', 'geometry', 'interactive', '*special problem', 'trees', 'sortings'}
2024-03-28 21:53:57,011 - root - INFO - Fetched 31 tags from page 46, 37 tags in total
2024-03-28 21:53:57,012 - root - INFO - tags: {'chinese remainder theorem', 'fft', 'combinatorics', 'two pointers', 'greedy', 'matrices', 'graph matchings', 'data structures', 'math', 'probabilities', 'graphs', 'binary search', 'strings', 'brute force', 'ternary search', 'dsu', 'schedules', '2-sat', 'bitmasks', 'divide and conquer', 'string suffix structures', 'dfs and similar', 'hashing', 'constructive algorithms', 'shortest paths', 'implementation', 'games', 'number theory', 'meet-in-the-middle', 'dp', 'expression parsing', 'flows', 'geometry', 'interactive', '*special problem', 'trees', 'sortings'}
2024-03-28 21:54:08,394 - root - INFO - Fetched 27 tags from page 47, 37 tags in total
2024-03-28 21:54:08,395 - root - INFO - tags: {'chinese remainder theorem', 'fft', 'combinatorics', 'two pointers', 'greedy', 'matrices', 'graph matchings', 'data structures', 'math', 'probabilities', 'graphs', 'binary search', 'strings', 'brute force', 'ternary search', 'dsu', 'schedules', '2-sat', 'bitmasks', 'divide and conquer', 'string suffix structures', 'dfs and similar', 'hashing', 'constructive algorithms', 'shortest paths', 'implementation', 'games', 'number theory', 'meet-in-the-middle', 'dp', 'expression parsing', 'flows', 'geometry', 'interactive', '*special problem', 'trees', 'sortings'}
2024-03-28 21:54:19,598 - root - INFO - Fetched 28 tags from page 48, 37 tags in total
2024-03-28 21:54:19,599 - root - INFO - tags: {'chinese remainder theorem', 'fft', 'combinatorics', 'two pointers', 'greedy', 'matrices', 'graph matchings', 'data structures', 'math', 'probabilities', 'graphs', 'binary search', 'strings', 'brute force', 'ternary search', 'dsu', 'schedules', '2-sat', 'bitmasks', 'divide and conquer', 'string suffix structures', 'dfs and similar', 'hashing', 'constructive algorithms', 'shortest paths', 'implementation', 'games', 'number theory', 'meet-in-the-middle', 'dp', 'expression parsing', 'flows', 'geometry', 'interactive', '*special problem', 'trees', 'sortings'}
2024-03-28 21:54:31,536 - root - INFO - Fetched 32 tags from page 49, 37 tags in total
2024-03-28 21:54:31,537 - root - INFO - tags: {'chinese remainder theorem', 'fft', 'combinatorics', 'two pointers', 'greedy', 'matrices', 'graph matchings', 'data structures', 'math', 'probabilities', 'graphs', 'binary search', 'strings', 'brute force', 'ternary search', 'dsu', 'schedules', '2-sat', 'bitmasks', 'divide and conquer', 'string suffix structures', 'dfs and similar', 'hashing', 'constructive algorithms', 'shortest paths', 'implementation', 'games', 'number theory', 'meet-in-the-middle', 'dp', 'expression parsing', 'flows', 'geometry', 'interactive', '*special problem', 'trees', 'sortings'}
2024-03-28 21:54:42,666 - root - INFO - Fetched 28 tags from page 50, 37 tags in total
2024-03-28 21:54:42,667 - root - INFO - tags: {'chinese remainder theorem', 'fft', 'combinatorics', 'two pointers', 'greedy', 'matrices', 'graph matchings', 'data structures', 'math', 'probabilities', 'graphs', 'binary search', 'strings', 'brute force', 'ternary search', 'dsu', 'schedules', '2-sat', 'bitmasks', 'divide and conquer', 'string suffix structures', 'dfs and similar', 'hashing', 'constructive algorithms', 'shortest paths', 'implementation', 'games', 'number theory', 'meet-in-the-middle', 'dp', 'expression parsing', 'flows', 'geometry', 'interactive', '*special problem', 'trees', 'sortings'}
2024-03-28 21:54:55,728 - root - INFO - Fetched 31 tags from page 51, 37 tags in total
2024-03-28 21:54:55,729 - root - INFO - tags: {'chinese remainder theorem', 'fft', 'combinatorics', 'two pointers', 'greedy', 'matrices', 'graph matchings', 'data structures', 'math', 'probabilities', 'graphs', 'binary search', 'strings', 'brute force', 'ternary search', 'dsu', 'schedules', '2-sat', 'bitmasks', 'divide and conquer', 'string suffix structures', 'dfs and similar', 'hashing', 'constructive algorithms', 'shortest paths', 'implementation', 'games', 'number theory', 'meet-in-the-middle', 'dp', 'expression parsing', 'flows', 'geometry', 'interactive', '*special problem', 'trees', 'sortings'}
2024-03-28 21:55:07,507 - root - INFO - Fetched 28 tags from page 52, 37 tags in total
2024-03-28 21:55:07,508 - root - INFO - tags: {'chinese remainder theorem', 'fft', 'combinatorics', 'two pointers', 'greedy', 'matrices', 'graph matchings', 'data structures', 'math', 'probabilities', 'graphs', 'binary search', 'strings', 'brute force', 'ternary search', 'dsu', 'schedules', '2-sat', 'bitmasks', 'divide and conquer', 'string suffix structures', 'dfs and similar', 'hashing', 'constructive algorithms', 'shortest paths', 'implementation', 'games', 'number theory', 'meet-in-the-middle', 'dp', 'expression parsing', 'flows', 'geometry', 'interactive', '*special problem', 'trees', 'sortings'}
2024-03-28 21:55:19,028 - root - INFO - Fetched 29 tags from page 53, 37 tags in total
2024-03-28 21:55:19,029 - root - INFO - tags: {'chinese remainder theorem', 'fft', 'combinatorics', 'two pointers', 'greedy', 'matrices', 'graph matchings', 'data structures', 'math', 'probabilities', 'graphs', 'binary search', 'strings', 'brute force', 'ternary search', 'dsu', 'schedules', '2-sat', 'bitmasks', 'divide and conquer', 'string suffix structures', 'dfs and similar', 'hashing', 'constructive algorithms', 'shortest paths', 'implementation', 'games', 'number theory', 'meet-in-the-middle', 'dp', 'expression parsing', 'flows', 'geometry', 'interactive', '*special problem', 'trees', 'sortings'}
2024-03-28 21:55:30,176 - root - INFO - Fetched 30 tags from page 54, 37 tags in total
2024-03-28 21:55:30,177 - root - INFO - tags: {'chinese remainder theorem', 'fft', 'combinatorics', 'two pointers', 'greedy', 'matrices', 'graph matchings', 'data structures', 'math', 'probabilities', 'graphs', 'binary search', 'strings', 'brute force', 'ternary search', 'dsu', 'schedules', '2-sat', 'bitmasks', 'divide and conquer', 'string suffix structures', 'dfs and similar', 'hashing', 'constructive algorithms', 'shortest paths', 'implementation', 'games', 'number theory', 'meet-in-the-middle', 'dp', 'expression parsing', 'flows', 'geometry', 'interactive', '*special problem', 'trees', 'sortings'}
2024-03-28 21:55:41,048 - root - INFO - Fetched 29 tags from page 55, 37 tags in total
2024-03-28 21:55:41,049 - root - INFO - tags: {'chinese remainder theorem', 'fft', 'combinatorics', 'two pointers', 'greedy', 'matrices', 'graph matchings', 'data structures', 'math', 'probabilities', 'graphs', 'binary search', 'strings', 'brute force', 'ternary search', 'dsu', 'schedules', '2-sat', 'bitmasks', 'divide and conquer', 'string suffix structures', 'dfs and similar', 'hashing', 'constructive algorithms', 'shortest paths', 'implementation', 'games', 'number theory', 'meet-in-the-middle', 'dp', 'expression parsing', 'flows', 'geometry', 'interactive', '*special problem', 'trees', 'sortings'}
2024-03-28 21:55:52,266 - root - INFO - Fetched 31 tags from page 56, 37 tags in total
2024-03-28 21:55:52,266 - root - INFO - tags: {'chinese remainder theorem', 'fft', 'combinatorics', 'two pointers', 'greedy', 'matrices', 'graph matchings', 'data structures', 'math', 'probabilities', 'graphs', 'binary search', 'strings', 'brute force', 'ternary search', 'dsu', 'schedules', '2-sat', 'bitmasks', 'divide and conquer', 'string suffix structures', 'dfs and similar', 'hashing', 'constructive algorithms', 'shortest paths', 'implementation', 'games', 'number theory', 'meet-in-the-middle', 'dp', 'expression parsing', 'flows', 'geometry', 'interactive', '*special problem', 'trees', 'sortings'}
2024-03-28 21:56:04,465 - root - INFO - Fetched 30 tags from page 57, 37 tags in total
2024-03-28 21:56:04,466 - root - INFO - tags: {'chinese remainder theorem', 'fft', 'combinatorics', 'two pointers', 'greedy', 'matrices', 'graph matchings', 'data structures', 'math', 'probabilities', 'graphs', 'binary search', 'strings', 'brute force', 'ternary search', 'dsu', 'schedules', '2-sat', 'bitmasks', 'divide and conquer', 'string suffix structures', 'dfs and similar', 'hashing', 'constructive algorithms', 'shortest paths', 'implementation', 'games', 'number theory', 'meet-in-the-middle', 'dp', 'expression parsing', 'flows', 'geometry', 'interactive', '*special problem', 'trees', 'sortings'}
2024-03-28 21:56:15,686 - root - INFO - Fetched 29 tags from page 58, 37 tags in total
2024-03-28 21:56:15,686 - root - INFO - tags: {'chinese remainder theorem', 'fft', 'combinatorics', 'two pointers', 'greedy', 'matrices', 'graph matchings', 'data structures', 'math', 'probabilities', 'graphs', 'binary search', 'strings', 'brute force', 'ternary search', 'dsu', 'schedules', '2-sat', 'bitmasks', 'divide and conquer', 'string suffix structures', 'dfs and similar', 'hashing', 'constructive algorithms', 'shortest paths', 'implementation', 'games', 'number theory', 'meet-in-the-middle', 'dp', 'expression parsing', 'flows', 'geometry', 'interactive', '*special problem', 'trees', 'sortings'}
2024-03-28 21:56:26,546 - root - INFO - Fetched 31 tags from page 59, 37 tags in total
2024-03-28 21:56:26,547 - root - INFO - tags: {'chinese remainder theorem', 'fft', 'combinatorics', 'two pointers', 'greedy', 'matrices', 'graph matchings', 'data structures', 'math', 'probabilities', 'graphs', 'binary search', 'strings', 'brute force', 'ternary search', 'dsu', 'schedules', '2-sat', 'bitmasks', 'divide and conquer', 'string suffix structures', 'dfs and similar', 'hashing', 'constructive algorithms', 'shortest paths', 'implementation', 'games', 'number theory', 'meet-in-the-middle', 'dp', 'expression parsing', 'flows', 'geometry', 'interactive', '*special problem', 'trees', 'sortings'}
2024-03-28 21:56:38,780 - root - INFO - Fetched 28 tags from page 60, 37 tags in total
2024-03-28 21:56:38,781 - root - INFO - tags: {'chinese remainder theorem', 'fft', 'combinatorics', 'two pointers', 'greedy', 'matrices', 'graph matchings', 'data structures', 'math', 'probabilities', 'graphs', 'binary search', 'strings', 'brute force', 'ternary search', 'dsu', 'schedules', '2-sat', 'bitmasks', 'divide and conquer', 'string suffix structures', 'dfs and similar', 'hashing', 'constructive algorithms', 'shortest paths', 'implementation', 'games', 'number theory', 'meet-in-the-middle', 'dp', 'expression parsing', 'flows', 'geometry', 'interactive', '*special problem', 'trees', 'sortings'}
2024-03-28 21:56:50,015 - root - INFO - Fetched 32 tags from page 61, 37 tags in total
2024-03-28 21:56:50,016 - root - INFO - tags: {'chinese remainder theorem', 'fft', 'combinatorics', 'two pointers', 'greedy', 'matrices', 'graph matchings', 'data structures', 'math', 'probabilities', 'graphs', 'binary search', 'strings', 'brute force', 'ternary search', 'dsu', 'schedules', '2-sat', 'bitmasks', 'divide and conquer', 'string suffix structures', 'dfs and similar', 'hashing', 'constructive algorithms', 'shortest paths', 'implementation', 'games', 'number theory', 'meet-in-the-middle', 'dp', 'expression parsing', 'flows', 'geometry', 'interactive', '*special problem', 'trees', 'sortings'}
2024-03-28 21:57:01,491 - root - INFO - Fetched 31 tags from page 62, 37 tags in total
2024-03-28 21:57:01,492 - root - INFO - tags: {'chinese remainder theorem', 'fft', 'combinatorics', 'two pointers', 'greedy', 'matrices', 'graph matchings', 'data structures', 'math', 'probabilities', 'graphs', 'binary search', 'strings', 'brute force', 'ternary search', 'dsu', 'schedules', '2-sat', 'bitmasks', 'divide and conquer', 'string suffix structures', 'dfs and similar', 'hashing', 'constructive algorithms', 'shortest paths', 'implementation', 'games', 'number theory', 'meet-in-the-middle', 'dp', 'expression parsing', 'flows', 'geometry', 'interactive', '*special problem', 'trees', 'sortings'}
2024-03-28 21:57:12,715 - root - INFO - Fetched 30 tags from page 63, 37 tags in total
2024-03-28 21:57:12,716 - root - INFO - tags: {'chinese remainder theorem', 'fft', 'combinatorics', 'two pointers', 'greedy', 'matrices', 'graph matchings', 'data structures', 'math', 'probabilities', 'graphs', 'binary search', 'strings', 'brute force', 'ternary search', 'dsu', 'schedules', '2-sat', 'bitmasks', 'divide and conquer', 'string suffix structures', 'dfs and similar', 'hashing', 'constructive algorithms', 'shortest paths', 'implementation', 'games', 'number theory', 'meet-in-the-middle', 'dp', 'expression parsing', 'flows', 'geometry', 'interactive', '*special problem', 'trees', 'sortings'}
2024-03-28 21:57:23,918 - root - INFO - Fetched 31 tags from page 64, 37 tags in total
2024-03-28 21:57:23,919 - root - INFO - tags: {'chinese remainder theorem', 'fft', 'combinatorics', 'two pointers', 'greedy', 'matrices', 'graph matchings', 'data structures', 'math', 'probabilities', 'graphs', 'binary search', 'strings', 'brute force', 'ternary search', 'dsu', 'schedules', '2-sat', 'bitmasks', 'divide and conquer', 'string suffix structures', 'dfs and similar', 'hashing', 'constructive algorithms', 'shortest paths', 'implementation', 'games', 'number theory', 'meet-in-the-middle', 'dp', 'expression parsing', 'flows', 'geometry', 'interactive', '*special problem', 'trees', 'sortings'}
2024-03-28 21:57:36,082 - root - INFO - Fetched 29 tags from page 65, 37 tags in total
2024-03-28 21:57:36,083 - root - INFO - tags: {'chinese remainder theorem', 'fft', 'combinatorics', 'two pointers', 'greedy', 'matrices', 'graph matchings', 'data structures', 'math', 'probabilities', 'graphs', 'binary search', 'strings', 'brute force', 'ternary search', 'dsu', 'schedules', '2-sat', 'bitmasks', 'divide and conquer', 'string suffix structures', 'dfs and similar', 'hashing', 'constructive algorithms', 'shortest paths', 'implementation', 'games', 'number theory', 'meet-in-the-middle', 'dp', 'expression parsing', 'flows', 'geometry', 'interactive', '*special problem', 'trees', 'sortings'}
2024-03-28 21:57:46,940 - root - INFO - Fetched 29 tags from page 66, 37 tags in total
2024-03-28 21:57:46,941 - root - INFO - tags: {'chinese remainder theorem', 'fft', 'combinatorics', 'two pointers', 'greedy', 'matrices', 'graph matchings', 'data structures', 'math', 'probabilities', 'graphs', 'binary search', 'strings', 'brute force', 'ternary search', 'dsu', 'schedules', '2-sat', 'bitmasks', 'divide and conquer', 'string suffix structures', 'dfs and similar', 'hashing', 'constructive algorithms', 'shortest paths', 'implementation', 'games', 'number theory', 'meet-in-the-middle', 'dp', 'expression parsing', 'flows', 'geometry', 'interactive', '*special problem', 'trees', 'sortings'}
2024-03-28 21:57:58,597 - root - INFO - Fetched 30 tags from page 67, 37 tags in total
2024-03-28 21:57:58,598 - root - INFO - tags: {'chinese remainder theorem', 'fft', 'combinatorics', 'two pointers', 'greedy', 'matrices', 'graph matchings', 'data structures', 'math', 'probabilities', 'graphs', 'binary search', 'strings', 'brute force', 'ternary search', 'dsu', 'schedules', '2-sat', 'bitmasks', 'divide and conquer', 'string suffix structures', 'dfs and similar', 'hashing', 'constructive algorithms', 'shortest paths', 'implementation', 'games', 'number theory', 'meet-in-the-middle', 'dp', 'expression parsing', 'flows', 'geometry', 'interactive', '*special problem', 'trees', 'sortings'}
2024-03-28 21:58:12,089 - root - INFO - Fetched 29 tags from page 68, 37 tags in total
2024-03-28 21:58:12,090 - root - INFO - tags: {'chinese remainder theorem', 'fft', 'combinatorics', 'two pointers', 'greedy', 'matrices', 'graph matchings', 'data structures', 'math', 'probabilities', 'graphs', 'binary search', 'strings', 'brute force', 'ternary search', 'dsu', 'schedules', '2-sat', 'bitmasks', 'divide and conquer', 'string suffix structures', 'dfs and similar', 'hashing', 'constructive algorithms', 'shortest paths', 'implementation', 'games', 'number theory', 'meet-in-the-middle', 'dp', 'expression parsing', 'flows', 'geometry', 'interactive', '*special problem', 'trees', 'sortings'}
2024-03-28 21:58:23,683 - root - INFO - Fetched 29 tags from page 69, 37 tags in total
2024-03-28 21:58:23,684 - root - INFO - tags: {'chinese remainder theorem', 'fft', 'combinatorics', 'two pointers', 'greedy', 'matrices', 'graph matchings', 'data structures', 'math', 'probabilities', 'graphs', 'binary search', 'strings', 'brute force', 'ternary search', 'dsu', 'schedules', '2-sat', 'bitmasks', 'divide and conquer', 'string suffix structures', 'dfs and similar', 'hashing', 'constructive algorithms', 'shortest paths', 'implementation', 'games', 'number theory', 'meet-in-the-middle', 'dp', 'expression parsing', 'flows', 'geometry', 'interactive', '*special problem', 'trees', 'sortings'}
2024-03-28 21:58:34,966 - root - INFO - Fetched 29 tags from page 70, 37 tags in total
2024-03-28 21:58:34,967 - root - INFO - tags: {'chinese remainder theorem', 'fft', 'combinatorics', 'two pointers', 'greedy', 'matrices', 'graph matchings', 'data structures', 'math', 'probabilities', 'graphs', 'binary search', 'strings', 'brute force', 'ternary search', 'dsu', 'schedules', '2-sat', 'bitmasks', 'divide and conquer', 'string suffix structures', 'dfs and similar', 'hashing', 'constructive algorithms', 'shortest paths', 'implementation', 'games', 'number theory', 'meet-in-the-middle', 'dp', 'expression parsing', 'flows', 'geometry', 'interactive', '*special problem', 'trees', 'sortings'}
2024-03-28 21:58:46,574 - root - INFO - Fetched 30 tags from page 71, 37 tags in total
2024-03-28 21:58:46,575 - root - INFO - tags: {'chinese remainder theorem', 'fft', 'combinatorics', 'two pointers', 'greedy', 'matrices', 'graph matchings', 'data structures', 'math', 'probabilities', 'graphs', 'binary search', 'strings', 'brute force', 'ternary search', 'dsu', 'schedules', '2-sat', 'bitmasks', 'divide and conquer', 'string suffix structures', 'dfs and similar', 'hashing', 'constructive algorithms', 'shortest paths', 'implementation', 'games', 'number theory', 'meet-in-the-middle', 'dp', 'expression parsing', 'flows', 'geometry', 'interactive', '*special problem', 'trees', 'sortings'}
2024-03-28 21:59:01,680 - root - INFO - Fetched 31 tags from page 72, 37 tags in total
2024-03-28 21:59:01,681 - root - INFO - tags: {'chinese remainder theorem', 'fft', 'combinatorics', 'two pointers', 'greedy', 'matrices', 'graph matchings', 'data structures', 'math', 'probabilities', 'graphs', 'binary search', 'strings', 'brute force', 'ternary search', 'dsu', 'schedules', '2-sat', 'bitmasks', 'divide and conquer', 'string suffix structures', 'dfs and similar', 'hashing', 'constructive algorithms', 'shortest paths', 'implementation', 'games', 'number theory', 'meet-in-the-middle', 'dp', 'expression parsing', 'flows', 'geometry', 'interactive', '*special problem', 'trees', 'sortings'}
2024-03-28 21:59:12,536 - root - INFO - Fetched 29 tags from page 73, 37 tags in total
2024-03-28 21:59:12,536 - root - INFO - tags: {'chinese remainder theorem', 'fft', 'combinatorics', 'two pointers', 'greedy', 'matrices', 'graph matchings', 'data structures', 'math', 'probabilities', 'graphs', 'binary search', 'strings', 'brute force', 'ternary search', 'dsu', 'schedules', '2-sat', 'bitmasks', 'divide and conquer', 'string suffix structures', 'dfs and similar', 'hashing', 'constructive algorithms', 'shortest paths', 'implementation', 'games', 'number theory', 'meet-in-the-middle', 'dp', 'expression parsing', 'flows', 'geometry', 'interactive', '*special problem', 'trees', 'sortings'}
2024-03-28 21:59:23,649 - root - INFO - Fetched 30 tags from page 74, 37 tags in total
2024-03-28 21:59:23,649 - root - INFO - tags: {'chinese remainder theorem', 'fft', 'combinatorics', 'two pointers', 'greedy', 'matrices', 'graph matchings', 'data structures', 'math', 'probabilities', 'graphs', 'binary search', 'strings', 'brute force', 'ternary search', 'dsu', 'schedules', '2-sat', 'bitmasks', 'divide and conquer', 'string suffix structures', 'dfs and similar', 'hashing', 'constructive algorithms', 'shortest paths', 'implementation', 'games', 'number theory', 'meet-in-the-middle', 'dp', 'expression parsing', 'flows', 'geometry', 'interactive', '*special problem', 'trees', 'sortings'}
2024-03-28 21:59:34,516 - root - INFO - Fetched 30 tags from page 75, 37 tags in total
2024-03-28 21:59:34,517 - root - INFO - tags: {'chinese remainder theorem', 'fft', 'combinatorics', 'two pointers', 'greedy', 'matrices', 'graph matchings', 'data structures', 'math', 'probabilities', 'graphs', 'binary search', 'strings', 'brute force', 'ternary search', 'dsu', 'schedules', '2-sat', 'bitmasks', 'divide and conquer', 'string suffix structures', 'dfs and similar', 'hashing', 'constructive algorithms', 'shortest paths', 'implementation', 'games', 'number theory', 'meet-in-the-middle', 'dp', 'expression parsing', 'flows', 'geometry', 'interactive', '*special problem', 'trees', 'sortings'}
2024-03-28 21:59:45,781 - root - INFO - Fetched 27 tags from page 76, 37 tags in total
2024-03-28 21:59:45,782 - root - INFO - tags: {'chinese remainder theorem', 'fft', 'combinatorics', 'two pointers', 'greedy', 'matrices', 'graph matchings', 'data structures', 'math', 'probabilities', 'graphs', 'binary search', 'strings', 'brute force', 'ternary search', 'dsu', 'schedules', '2-sat', 'bitmasks', 'divide and conquer', 'string suffix structures', 'dfs and similar', 'hashing', 'constructive algorithms', 'shortest paths', 'implementation', 'games', 'number theory', 'meet-in-the-middle', 'dp', 'expression parsing', 'flows', 'geometry', 'interactive', '*special problem', 'trees', 'sortings'}
2024-03-28 21:59:56,628 - root - INFO - Fetched 27 tags from page 77, 37 tags in total
2024-03-28 21:59:56,628 - root - INFO - tags: {'chinese remainder theorem', 'fft', 'combinatorics', 'two pointers', 'greedy', 'matrices', 'graph matchings', 'data structures', 'math', 'probabilities', 'graphs', 'binary search', 'strings', 'brute force', 'ternary search', 'dsu', 'schedules', '2-sat', 'bitmasks', 'divide and conquer', 'string suffix structures', 'dfs and similar', 'hashing', 'constructive algorithms', 'shortest paths', 'implementation', 'games', 'number theory', 'meet-in-the-middle', 'dp', 'expression parsing', 'flows', 'geometry', 'interactive', '*special problem', 'trees', 'sortings'}
2024-03-28 22:00:08,095 - root - INFO - Fetched 24 tags from page 78, 37 tags in total
2024-03-28 22:00:08,095 - root - INFO - tags: {'chinese remainder theorem', 'fft', 'combinatorics', 'two pointers', 'greedy', 'matrices', 'graph matchings', 'data structures', 'math', 'probabilities', 'graphs', 'binary search', 'strings', 'brute force', 'ternary search', 'dsu', 'schedules', '2-sat', 'bitmasks', 'divide and conquer', 'string suffix structures', 'dfs and similar', 'hashing', 'constructive algorithms', 'shortest paths', 'implementation', 'games', 'number theory', 'meet-in-the-middle', 'dp', 'expression parsing', 'flows', 'geometry', 'interactive', '*special problem', 'trees', 'sortings'}
2024-03-28 22:00:24,782 - root - INFO - Fetched 30 tags from page 79, 37 tags in total
2024-03-28 22:00:24,783 - root - INFO - tags: {'chinese remainder theorem', 'fft', 'combinatorics', 'two pointers', 'greedy', 'matrices', 'graph matchings', 'data structures', 'math', 'probabilities', 'graphs', 'binary search', 'strings', 'brute force', 'ternary search', 'dsu', 'schedules', '2-sat', 'bitmasks', 'divide and conquer', 'string suffix structures', 'dfs and similar', 'hashing', 'constructive algorithms', 'shortest paths', 'implementation', 'games', 'number theory', 'meet-in-the-middle', 'dp', 'expression parsing', 'flows', 'geometry', 'interactive', '*special problem', 'trees', 'sortings'}
2024-03-28 22:00:36,976 - root - INFO - Fetched 27 tags from page 80, 37 tags in total
2024-03-28 22:00:36,976 - root - INFO - tags: {'chinese remainder theorem', 'fft', 'combinatorics', 'two pointers', 'greedy', 'matrices', 'graph matchings', 'data structures', 'math', 'probabilities', 'graphs', 'binary search', 'strings', 'brute force', 'ternary search', 'dsu', 'schedules', '2-sat', 'bitmasks', 'divide and conquer', 'string suffix structures', 'dfs and similar', 'hashing', 'constructive algorithms', 'shortest paths', 'implementation', 'games', 'number theory', 'meet-in-the-middle', 'dp', 'expression parsing', 'flows', 'geometry', 'interactive', '*special problem', 'trees', 'sortings'}
2024-03-28 22:00:48,435 - root - INFO - Fetched 29 tags from page 81, 37 tags in total
2024-03-28 22:00:48,436 - root - INFO - tags: {'chinese remainder theorem', 'fft', 'combinatorics', 'two pointers', 'greedy', 'matrices', 'graph matchings', 'data structures', 'math', 'probabilities', 'graphs', 'binary search', 'strings', 'brute force', 'ternary search', 'dsu', 'schedules', '2-sat', 'bitmasks', 'divide and conquer', 'string suffix structures', 'dfs and similar', 'hashing', 'constructive algorithms', 'shortest paths', 'implementation', 'games', 'number theory', 'meet-in-the-middle', 'dp', 'expression parsing', 'flows', 'geometry', 'interactive', '*special problem', 'trees', 'sortings'}
2024-03-28 22:01:00,942 - root - INFO - Fetched 26 tags from page 82, 37 tags in total
2024-03-28 22:01:00,942 - root - INFO - tags: {'chinese remainder theorem', 'fft', 'combinatorics', 'two pointers', 'greedy', 'matrices', 'graph matchings', 'data structures', 'math', 'probabilities', 'graphs', 'binary search', 'strings', 'brute force', 'ternary search', 'dsu', 'schedules', '2-sat', 'bitmasks', 'divide and conquer', 'string suffix structures', 'dfs and similar', 'hashing', 'constructive algorithms', 'shortest paths', 'implementation', 'games', 'number theory', 'meet-in-the-middle', 'dp', 'expression parsing', 'flows', 'geometry', 'interactive', '*special problem', 'trees', 'sortings'}
2024-03-28 22:01:12,478 - root - INFO - Fetched 25 tags from page 83, 37 tags in total
2024-03-28 22:01:12,479 - root - INFO - tags: {'chinese remainder theorem', 'fft', 'combinatorics', 'two pointers', 'greedy', 'matrices', 'graph matchings', 'data structures', 'math', 'probabilities', 'graphs', 'binary search', 'strings', 'brute force', 'ternary search', 'dsu', 'schedules', '2-sat', 'bitmasks', 'divide and conquer', 'string suffix structures', 'dfs and similar', 'hashing', 'constructive algorithms', 'shortest paths', 'implementation', 'games', 'number theory', 'meet-in-the-middle', 'dp', 'expression parsing', 'flows', 'geometry', 'interactive', '*special problem', 'trees', 'sortings'}
2024-03-28 22:01:49,364 - root - INFO - Fetched 28 tags from page 84, 37 tags in total
2024-03-28 22:01:49,365 - root - INFO - tags: {'chinese remainder theorem', 'fft', 'combinatorics', 'two pointers', 'greedy', 'matrices', 'graph matchings', 'data structures', 'math', 'probabilities', 'graphs', 'binary search', 'strings', 'brute force', 'ternary search', 'dsu', 'schedules', '2-sat', 'bitmasks', 'divide and conquer', 'string suffix structures', 'dfs and similar', 'hashing', 'constructive algorithms', 'shortest paths', 'implementation', 'games', 'number theory', 'meet-in-the-middle', 'dp', 'expression parsing', 'flows', 'geometry', 'interactive', '*special problem', 'trees', 'sortings'}
2024-03-28 22:02:09,199 - root - INFO - Fetched 30 tags from page 85, 37 tags in total
2024-03-28 22:02:09,200 - root - INFO - tags: {'chinese remainder theorem', 'fft', 'combinatorics', 'two pointers', 'greedy', 'matrices', 'graph matchings', 'data structures', 'math', 'probabilities', 'graphs', 'binary search', 'strings', 'brute force', 'ternary search', 'dsu', 'schedules', '2-sat', 'bitmasks', 'divide and conquer', 'string suffix structures', 'dfs and similar', 'hashing', 'constructive algorithms', 'shortest paths', 'implementation', 'games', 'number theory', 'meet-in-the-middle', 'dp', 'expression parsing', 'flows', 'geometry', 'interactive', '*special problem', 'trees', 'sortings'}
2024-03-28 22:02:21,088 - root - INFO - Fetched 25 tags from page 86, 37 tags in total
2024-03-28 22:02:21,089 - root - INFO - tags: {'chinese remainder theorem', 'fft', 'combinatorics', 'two pointers', 'greedy', 'matrices', 'graph matchings', 'data structures', 'math', 'probabilities', 'graphs', 'binary search', 'strings', 'brute force', 'ternary search', 'dsu', 'schedules', '2-sat', 'bitmasks', 'divide and conquer', 'string suffix structures', 'dfs and similar', 'hashing', 'constructive algorithms', 'shortest paths', 'implementation', 'games', 'number theory', 'meet-in-the-middle', 'dp', 'expression parsing', 'flows', 'geometry', 'interactive', '*special problem', 'trees', 'sortings'}
2024-03-28 22:02:32,190 - root - INFO - Fetched 28 tags from page 87, 37 tags in total
2024-03-28 22:02:32,190 - root - INFO - tags: {'chinese remainder theorem', 'fft', 'combinatorics', 'two pointers', 'greedy', 'matrices', 'graph matchings', 'data structures', 'math', 'probabilities', 'graphs', 'binary search', 'strings', 'brute force', 'ternary search', 'dsu', 'schedules', '2-sat', 'bitmasks', 'divide and conquer', 'string suffix structures', 'dfs and similar', 'hashing', 'constructive algorithms', 'shortest paths', 'implementation', 'games', 'number theory', 'meet-in-the-middle', 'dp', 'expression parsing', 'flows', 'geometry', 'interactive', '*special problem', 'trees', 'sortings'}
2024-03-28 22:02:43,772 - root - INFO - Fetched 25 tags from page 88, 37 tags in total
2024-03-28 22:02:43,773 - root - INFO - tags: {'chinese remainder theorem', 'fft', 'combinatorics', 'two pointers', 'greedy', 'matrices', 'graph matchings', 'data structures', 'math', 'probabilities', 'graphs', 'binary search', 'strings', 'brute force', 'ternary search', 'dsu', 'schedules', '2-sat', 'bitmasks', 'divide and conquer', 'string suffix structures', 'dfs and similar', 'hashing', 'constructive algorithms', 'shortest paths', 'implementation', 'games', 'number theory', 'meet-in-the-middle', 'dp', 'expression parsing', 'flows', 'geometry', 'interactive', '*special problem', 'trees', 'sortings'}
2024-03-28 22:02:56,067 - root - INFO - Fetched 29 tags from page 89, 37 tags in total
2024-03-28 22:02:56,068 - root - INFO - tags: {'chinese remainder theorem', 'fft', 'combinatorics', 'two pointers', 'greedy', 'matrices', 'graph matchings', 'data structures', 'math', 'probabilities', 'graphs', 'binary search', 'strings', 'brute force', 'ternary search', 'dsu', 'schedules', '2-sat', 'bitmasks', 'divide and conquer', 'string suffix structures', 'dfs and similar', 'hashing', 'constructive algorithms', 'shortest paths', 'implementation', 'games', 'number theory', 'meet-in-the-middle', 'dp', 'expression parsing', 'flows', 'geometry', 'interactive', '*special problem', 'trees', 'sortings'}
2024-03-28 22:03:08,564 - root - INFO - Fetched 30 tags from page 90, 37 tags in total
2024-03-28 22:03:08,565 - root - INFO - tags: {'chinese remainder theorem', 'fft', 'combinatorics', 'two pointers', 'greedy', 'matrices', 'graph matchings', 'data structures', 'math', 'probabilities', 'graphs', 'binary search', 'strings', 'brute force', 'ternary search', 'dsu', 'schedules', '2-sat', 'bitmasks', 'divide and conquer', 'string suffix structures', 'dfs and similar', 'hashing', 'constructive algorithms', 'shortest paths', 'implementation', 'games', 'number theory', 'meet-in-the-middle', 'dp', 'expression parsing', 'flows', 'geometry', 'interactive', '*special problem', 'trees', 'sortings'}
2024-03-28 22:03:20,207 - root - INFO - Fetched 28 tags from page 91, 37 tags in total
2024-03-28 22:03:20,207 - root - INFO - tags: {'chinese remainder theorem', 'fft', 'combinatorics', 'two pointers', 'greedy', 'matrices', 'graph matchings', 'data structures', 'math', 'probabilities', 'graphs', 'binary search', 'strings', 'brute force', 'ternary search', 'dsu', 'schedules', '2-sat', 'bitmasks', 'divide and conquer', 'string suffix structures', 'dfs and similar', 'hashing', 'constructive algorithms', 'shortest paths', 'implementation', 'games', 'number theory', 'meet-in-the-middle', 'dp', 'expression parsing', 'flows', 'geometry', 'interactive', '*special problem', 'trees', 'sortings'}
2024-03-28 22:03:31,645 - root - INFO - Fetched 26 tags from page 92, 37 tags in total
2024-03-28 22:03:31,645 - root - INFO - tags: {'chinese remainder theorem', 'fft', 'combinatorics', 'two pointers', 'greedy', 'matrices', 'graph matchings', 'data structures', 'math', 'probabilities', 'graphs', 'binary search', 'strings', 'brute force', 'ternary search', 'dsu', 'schedules', '2-sat', 'bitmasks', 'divide and conquer', 'string suffix structures', 'dfs and similar', 'hashing', 'constructive algorithms', 'shortest paths', 'implementation', 'games', 'number theory', 'meet-in-the-middle', 'dp', 'expression parsing', 'flows', 'geometry', 'interactive', '*special problem', 'trees', 'sortings'}
2024-03-28 22:03:42,863 - root - INFO - Fetched 25 tags from page 93, 37 tags in total
2024-03-28 22:03:42,864 - root - INFO - tags: {'chinese remainder theorem', 'fft', 'combinatorics', 'two pointers', 'greedy', 'matrices', 'graph matchings', 'data structures', 'math', 'probabilities', 'graphs', 'binary search', 'strings', 'brute force', 'ternary search', 'dsu', 'schedules', '2-sat', 'bitmasks', 'divide and conquer', 'string suffix structures', 'dfs and similar', 'hashing', 'constructive algorithms', 'shortest paths', 'implementation', 'games', 'number theory', 'meet-in-the-middle', 'dp', 'expression parsing', 'flows', 'geometry', 'interactive', '*special problem', 'trees', 'sortings'}
2024-03-28 22:03:55,080 - root - INFO - Fetched 26 tags from page 94, 37 tags in total
2024-03-28 22:03:55,081 - root - INFO - tags: {'chinese remainder theorem', 'fft', 'combinatorics', 'two pointers', 'greedy', 'matrices', 'graph matchings', 'data structures', 'math', 'probabilities', 'graphs', 'binary search', 'strings', 'brute force', 'ternary search', 'dsu', 'schedules', '2-sat', 'bitmasks', 'divide and conquer', 'string suffix structures', 'dfs and similar', 'hashing', 'constructive algorithms', 'shortest paths', 'implementation', 'games', 'number theory', 'meet-in-the-middle', 'dp', 'expression parsing', 'flows', 'geometry', 'interactive', '*special problem', 'trees', 'sortings'}
